{"/Users/britdannen/cs341/cs341-spring-2024-data-afternoon/data-afternoon/public/javascripts/dataBase.js": {"path":"/Users/britdannen/cs341/cs341-spring-2024-data-afternoon/data-afternoon/public/javascripts/dataBase.js","statementMap":{"0":{"start":{"line":2,"column":20},"end":{"line":2,"column":37}},"1":{"start":{"line":3,"column":20},"end":{"line":3,"column":42}},"2":{"start":{"line":4,"column":20},"end":{"line":4,"column":40}},"3":{"start":{"line":5,"column":20},"end":{"line":5,"column":39}},"4":{"start":{"line":6,"column":20},"end":{"line":6,"column":37}},"5":{"start":{"line":7,"column":20},"end":{"line":7,"column":39}},"6":{"start":{"line":8,"column":20},"end":{"line":8,"column":42}},"7":{"start":{"line":12,"column":8},"end":{"line":69,"column":10}},"8":{"start":{"line":14,"column":21},"end":{"line":14,"column":53}},"9":{"start":{"line":17,"column":8},"end":{"line":20,"column":11}},"10":{"start":{"line":22,"column":23},"end":{"line":22,"column":49}},"11":{"start":{"line":25,"column":30},"end":{"line":31,"column":9}},"12":{"start":{"line":34,"column":23},"end":{"line":34,"column":56}},"13":{"start":{"line":37,"column":8},"end":{"line":49,"column":11}},"14":{"start":{"line":39,"column":28},"end":{"line":39,"column":57}},"15":{"start":{"line":40,"column":29},"end":{"line":40,"column":58}},"16":{"start":{"line":41,"column":16},"end":{"line":41,"column":40}},"17":{"start":{"line":42,"column":16},"end":{"line":42,"column":47}},"18":{"start":{"line":43,"column":16},"end":{"line":43,"column":38}},"19":{"start":{"line":45,"column":29},"end":{"line":45,"column":63}},"20":{"start":{"line":46,"column":16},"end":{"line":46,"column":38}},"21":{"start":{"line":48,"column":16},"end":{"line":48,"column":40}},"22":{"start":{"line":51,"column":8},"end":{"line":67,"column":9}},"23":{"start":{"line":51,"column":21},"end":{"line":51,"column":22}},"24":{"start":{"line":53,"column":12},"end":{"line":66,"column":6}},"25":{"start":{"line":54,"column":16},"end":{"line":65,"column":17}},"26":{"start":{"line":54,"column":29},"end":{"line":54,"column":30}},"27":{"start":{"line":57,"column":30},"end":{"line":57,"column":65}},"28":{"start":{"line":58,"column":27},"end":{"line":58,"column":58}},"29":{"start":{"line":60,"column":16},"end":{"line":63,"column":17}},"30":{"start":{"line":62,"column":24},"end":{"line":62,"column":67}},"31":{"start":{"line":71,"column":22},"end":{"line":71,"column":58}},"32":{"start":{"line":72,"column":26},"end":{"line":72,"column":65}},"33":{"start":{"line":74,"column":22},"end":{"line":74,"column":24}},"34":{"start":{"line":78,"column":8},"end":{"line":125,"column":11}},"35":{"start":{"line":79,"column":25},"end":{"line":79,"column":46}},"36":{"start":{"line":81,"column":10},"end":{"line":83,"column":11}},"37":{"start":{"line":82,"column":12},"end":{"line":82,"column":19}},"38":{"start":{"line":86,"column":10},"end":{"line":88,"column":13}},"39":{"start":{"line":87,"column":12},"end":{"line":87,"column":32}},"40":{"start":{"line":89,"column":10},"end":{"line":89,"column":23}},"41":{"start":{"line":92,"column":25},"end":{"line":92,"column":55}},"42":{"start":{"line":94,"column":10},"end":{"line":123,"column":13}},"43":{"start":{"line":95,"column":12},"end":{"line":98,"column":13}},"44":{"start":{"line":96,"column":14},"end":{"line":96,"column":65}},"45":{"start":{"line":97,"column":14},"end":{"line":97,"column":21}},"46":{"start":{"line":100,"column":25},"end":{"line":106,"column":13}},"47":{"start":{"line":109,"column":12},"end":{"line":116,"column":14}},"48":{"start":{"line":117,"column":12},"end":{"line":122,"column":13}},"49":{"start":{"line":119,"column":14},"end":{"line":119,"column":52}},"50":{"start":{"line":121,"column":14},"end":{"line":121,"column":53}},"51":{"start":{"line":124,"column":10},"end":{"line":124,"column":32}},"52":{"start":{"line":128,"column":6},"end":{"line":128,"column":49}},"53":{"start":{"line":132,"column":23},"end":{"line":132,"column":70}},"54":{"start":{"line":133,"column":23},"end":{"line":133,"column":49}},"55":{"start":{"line":135,"column":8},"end":{"line":158,"column":11}},"56":{"start":{"line":136,"column":16},"end":{"line":157,"column":17}},"57":{"start":{"line":153,"column":24},"end":{"line":153,"column":109}},"58":{"start":{"line":156,"column":24},"end":{"line":156,"column":134}},"59":{"start":{"line":160,"column":8},"end":{"line":162,"column":9}},"60":{"start":{"line":161,"column":16},"end":{"line":161,"column":67}},"61":{"start":{"line":168,"column":8},"end":{"line":222,"column":11}},"62":{"start":{"line":169,"column":16},"end":{"line":220,"column":17}},"63":{"start":{"line":175,"column":41},"end":{"line":177,"column":26}},"64":{"start":{"line":181,"column":24},"end":{"line":193,"column":29}},"65":{"start":{"line":182,"column":32},"end":{"line":182,"column":54}},"66":{"start":{"line":183,"column":35},"end":{"line":193,"column":29}},"67":{"start":{"line":184,"column":32},"end":{"line":184,"column":54}},"68":{"start":{"line":185,"column":35},"end":{"line":193,"column":29}},"69":{"start":{"line":186,"column":32},"end":{"line":186,"column":54}},"70":{"start":{"line":187,"column":35},"end":{"line":193,"column":29}},"71":{"start":{"line":188,"column":32},"end":{"line":188,"column":54}},"72":{"start":{"line":189,"column":35},"end":{"line":193,"column":29}},"73":{"start":{"line":190,"column":32},"end":{"line":190,"column":54}},"74":{"start":{"line":192,"column":32},"end":{"line":192,"column":54}},"75":{"start":{"line":196,"column":37},"end":{"line":205,"column":26}},"76":{"start":{"line":208,"column":24},"end":{"line":210,"column":27}},"77":{"start":{"line":209,"column":32},"end":{"line":209,"column":61}},"78":{"start":{"line":212,"column":24},"end":{"line":215,"column":27}},"79":{"start":{"line":213,"column":32},"end":{"line":213,"column":48}},"80":{"start":{"line":214,"column":32},"end":{"line":214,"column":68}},"81":{"start":{"line":219,"column":16},"end":{"line":219,"column":127}}},"fnMap":{"0":{"name":"initAutocomplete","decl":{"start":{"line":10,"column":9},"end":{"line":10,"column":25}},"loc":{"start":{"line":10,"column":28},"end":{"line":126,"column":7}},"line":10},"1":{"name":"(anonymous_1)","decl":{"start":{"line":12,"column":41},"end":{"line":12,"column":42}},"loc":{"start":{"line":12,"column":64},"end":{"line":69,"column":9}},"line":12},"2":{"name":"(anonymous_2)","decl":{"start":{"line":37,"column":30},"end":{"line":37,"column":31}},"loc":{"start":{"line":37,"column":45},"end":{"line":49,"column":9}},"line":37},"3":{"name":"(anonymous_3)","decl":{"start":{"line":78,"column":48},"end":{"line":78,"column":49}},"loc":{"start":{"line":78,"column":54},"end":{"line":125,"column":9}},"line":78},"4":{"name":"(anonymous_4)","decl":{"start":{"line":86,"column":26},"end":{"line":86,"column":27}},"loc":{"start":{"line":86,"column":38},"end":{"line":88,"column":11}},"line":86},"5":{"name":"(anonymous_5)","decl":{"start":{"line":94,"column":25},"end":{"line":94,"column":26}},"loc":{"start":{"line":94,"column":36},"end":{"line":123,"column":11}},"line":94},"6":{"name":"findAddress","decl":{"start":{"line":131,"column":9},"end":{"line":131,"column":20}},"loc":{"start":{"line":131,"column":23},"end":{"line":163,"column":1}},"line":131},"7":{"name":"(anonymous_7)","decl":{"start":{"line":135,"column":48},"end":{"line":135,"column":49}},"loc":{"start":{"line":135,"column":69},"end":{"line":158,"column":9}},"line":135},"8":{"name":"geocodeAddress","decl":{"start":{"line":165,"column":9},"end":{"line":165,"column":23}},"loc":{"start":{"line":166,"column":0},"end":{"line":223,"column":1}},"line":166},"9":{"name":"(anonymous_9)","decl":{"start":{"line":168,"column":49},"end":{"line":168,"column":50}},"loc":{"start":{"line":168,"column":70},"end":{"line":222,"column":9}},"line":168},"10":{"name":"(anonymous_10)","decl":{"start":{"line":208,"column":52},"end":{"line":208,"column":53}},"loc":{"start":{"line":208,"column":63},"end":{"line":210,"column":25}},"line":208},"11":{"name":"(anonymous_11)","decl":{"start":{"line":212,"column":69},"end":{"line":212,"column":70}},"loc":{"start":{"line":212,"column":80},"end":{"line":215,"column":25}},"line":212}},"branchMap":{"0":{"loc":{"start":{"line":53,"column":12},"end":{"line":66,"column":6}},"type":"if","locations":[{"start":{"line":53,"column":12},"end":{"line":66,"column":6}},{"start":{},"end":{}}],"line":53},"1":{"loc":{"start":{"line":60,"column":16},"end":{"line":63,"column":17}},"type":"if","locations":[{"start":{"line":60,"column":16},"end":{"line":63,"column":17}},{"start":{},"end":{}}],"line":60},"2":{"loc":{"start":{"line":81,"column":10},"end":{"line":83,"column":11}},"type":"if","locations":[{"start":{"line":81,"column":10},"end":{"line":83,"column":11}},{"start":{},"end":{}}],"line":81},"3":{"loc":{"start":{"line":95,"column":12},"end":{"line":98,"column":13}},"type":"if","locations":[{"start":{"line":95,"column":12},"end":{"line":98,"column":13}},{"start":{},"end":{}}],"line":95},"4":{"loc":{"start":{"line":95,"column":16},"end":{"line":95,"column":59}},"type":"binary-expr","locations":[{"start":{"line":95,"column":16},"end":{"line":95,"column":31}},{"start":{"line":95,"column":35},"end":{"line":95,"column":59}}],"line":95},"5":{"loc":{"start":{"line":117,"column":12},"end":{"line":122,"column":13}},"type":"if","locations":[{"start":{"line":117,"column":12},"end":{"line":122,"column":13}},{"start":{"line":120,"column":19},"end":{"line":122,"column":13}}],"line":117},"6":{"loc":{"start":{"line":136,"column":16},"end":{"line":157,"column":17}},"type":"if","locations":[{"start":{"line":136,"column":16},"end":{"line":157,"column":17}},{"start":{"line":155,"column":21},"end":{"line":157,"column":17}}],"line":136},"7":{"loc":{"start":{"line":160,"column":8},"end":{"line":162,"column":9}},"type":"if","locations":[{"start":{"line":160,"column":8},"end":{"line":162,"column":9}},{"start":{},"end":{}}],"line":160},"8":{"loc":{"start":{"line":169,"column":16},"end":{"line":220,"column":17}},"type":"if","locations":[{"start":{"line":169,"column":16},"end":{"line":220,"column":17}},{"start":{"line":218,"column":21},"end":{"line":220,"column":17}}],"line":169},"9":{"loc":{"start":{"line":181,"column":24},"end":{"line":193,"column":29}},"type":"if","locations":[{"start":{"line":181,"column":24},"end":{"line":193,"column":29}},{"start":{"line":183,"column":35},"end":{"line":193,"column":29}}],"line":181},"10":{"loc":{"start":{"line":181,"column":28},"end":{"line":181,"column":60}},"type":"binary-expr","locations":[{"start":{"line":181,"column":28},"end":{"line":181,"column":42}},{"start":{"line":181,"column":46},"end":{"line":181,"column":60}}],"line":181},"11":{"loc":{"start":{"line":183,"column":35},"end":{"line":193,"column":29}},"type":"if","locations":[{"start":{"line":183,"column":35},"end":{"line":193,"column":29}},{"start":{"line":185,"column":35},"end":{"line":193,"column":29}}],"line":183},"12":{"loc":{"start":{"line":185,"column":35},"end":{"line":193,"column":29}},"type":"if","locations":[{"start":{"line":185,"column":35},"end":{"line":193,"column":29}},{"start":{"line":187,"column":35},"end":{"line":193,"column":29}}],"line":185},"13":{"loc":{"start":{"line":187,"column":35},"end":{"line":193,"column":29}},"type":"if","locations":[{"start":{"line":187,"column":35},"end":{"line":193,"column":29}},{"start":{"line":189,"column":35},"end":{"line":193,"column":29}}],"line":187},"14":{"loc":{"start":{"line":189,"column":35},"end":{"line":193,"column":29}},"type":"if","locations":[{"start":{"line":189,"column":35},"end":{"line":193,"column":29}},{"start":{"line":191,"column":35},"end":{"line":193,"column":29}}],"line":189}},"s":{"0":1,"1":1,"2":1,"3":1,"4":1,"5":1,"6":1,"7":6,"8":6,"9":6,"10":6,"11":6,"12":6,"13":6,"14":24,"15":24,"16":24,"17":24,"18":24,"19":24,"20":24,"21":24,"22":6,"23":6,"24":5,"25":4,"26":4,"27":4,"28":4,"29":4,"30":4,"31":6,"32":6,"33":6,"34":6,"35":2,"36":2,"37":0,"38":2,"39":0,"40":2,"41":2,"42":2,"43":2,"44":0,"45":0,"46":2,"47":2,"48":2,"49":0,"50":2,"51":2,"52":1,"53":0,"54":0,"55":0,"56":0,"57":0,"58":0,"59":0,"60":0,"61":4,"62":4,"63":4,"64":4,"65":4,"66":0,"67":0,"68":0,"69":0,"70":0,"71":0,"72":0,"73":0,"74":0,"75":4,"76":4,"77":0,"78":4,"79":0,"80":0,"81":0},"f":{"0":6,"1":6,"2":24,"3":2,"4":0,"5":2,"6":0,"7":0,"8":4,"9":4,"10":0,"11":0},"b":{"0":[4,1],"1":[4,0],"2":[0,2],"3":[0,2],"4":[2,2],"5":[0,2],"6":[0,0],"7":[0,0],"8":[4,0],"9":[4,0],"10":[4,0],"11":[0,0],"12":[0,0],"13":[0,0],"14":[0,0]},"_coverageSchema":"1a1c01bbd47fc00a2c39e90264f33305004495a9","hash":"1fb4e9eeb3e0c507bee40358a6eb2f75bcf94b87"}
,"/Users/britdannen/cs341/cs341-spring-2024-data-afternoon/data-afternoon/public/javascripts/free_groceries.js": {"path":"/Users/britdannen/cs341/cs341-spring-2024-data-afternoon/data-afternoon/public/javascripts/free_groceries.js","statementMap":{"0":{"start":{"line":1,"column":0},"end":{"line":21,"column":3}},"1":{"start":{"line":7,"column":22},"end":{"line":7,"column":78}},"2":{"start":{"line":10,"column":4},"end":{"line":13,"column":3}},"3":{"start":{"line":12,"column":4},"end":{"line":12,"column":141}},"4":{"start":{"line":16,"column":4},"end":{"line":16,"column":28}},"5":{"start":{"line":19,"column":4},"end":{"line":19,"column":70}}},"fnMap":{"0":{"name":"(anonymous_0)","decl":{"start":{"line":1,"column":33},"end":{"line":1,"column":34}},"loc":{"start":{"line":1,"column":67},"end":{"line":21,"column":1}},"line":1},"1":{"name":"(anonymous_1)","decl":{"start":{"line":10,"column":31},"end":{"line":10,"column":32}},"loc":{"start":{"line":10,"column":42},"end":{"line":13,"column":1}},"line":10}},"branchMap":{},"s":{"0":1,"1":1,"2":1,"3":2,"4":1,"5":1},"f":{"0":1,"1":2},"b":{},"_coverageSchema":"1a1c01bbd47fc00a2c39e90264f33305004495a9","hash":"0fedb8ff1db07078e5ccf54929c28fd58f1a7c0b"}
,"/Users/britdannen/cs341/cs341-spring-2024-data-afternoon/data-afternoon/public/javascripts/free_meals.js": {"path":"/Users/britdannen/cs341/cs341-spring-2024-data-afternoon/data-afternoon/public/javascripts/free_meals.js","statementMap":{"0":{"start":{"line":1,"column":0},"end":{"line":21,"column":3}},"1":{"start":{"line":7,"column":22},"end":{"line":7,"column":74}},"2":{"start":{"line":10,"column":4},"end":{"line":13,"column":3}},"3":{"start":{"line":12,"column":4},"end":{"line":12,"column":141}},"4":{"start":{"line":16,"column":4},"end":{"line":16,"column":28}},"5":{"start":{"line":19,"column":4},"end":{"line":19,"column":66}}},"fnMap":{"0":{"name":"(anonymous_0)","decl":{"start":{"line":1,"column":33},"end":{"line":1,"column":34}},"loc":{"start":{"line":1,"column":67},"end":{"line":21,"column":1}},"line":1},"1":{"name":"(anonymous_1)","decl":{"start":{"line":10,"column":31},"end":{"line":10,"column":32}},"loc":{"start":{"line":10,"column":42},"end":{"line":13,"column":1}},"line":10}},"branchMap":{},"s":{"0":1,"1":1,"2":1,"3":2,"4":1,"5":1},"f":{"0":1,"1":2},"b":{},"_coverageSchema":"1a1c01bbd47fc00a2c39e90264f33305004495a9","hash":"5ac43775d41b19f45f6cede3f6ef27227ef091f6"}
,"/Users/britdannen/cs341/cs341-spring-2024-data-afternoon/data-afternoon/public/javascripts/free_produce.js": {"path":"/Users/britdannen/cs341/cs341-spring-2024-data-afternoon/data-afternoon/public/javascripts/free_produce.js","statementMap":{"0":{"start":{"line":1,"column":0},"end":{"line":23,"column":3}},"1":{"start":{"line":7,"column":22},"end":{"line":7,"column":76}},"2":{"start":{"line":10,"column":4},"end":{"line":15,"column":3}},"3":{"start":{"line":13,"column":4},"end":{"line":14,"column":66}},"4":{"start":{"line":18,"column":4},"end":{"line":18,"column":28}},"5":{"start":{"line":21,"column":4},"end":{"line":21,"column":68}}},"fnMap":{"0":{"name":"(anonymous_0)","decl":{"start":{"line":1,"column":33},"end":{"line":1,"column":34}},"loc":{"start":{"line":1,"column":67},"end":{"line":23,"column":1}},"line":1},"1":{"name":"(anonymous_1)","decl":{"start":{"line":10,"column":31},"end":{"line":10,"column":32}},"loc":{"start":{"line":10,"column":42},"end":{"line":15,"column":1}},"line":10}},"branchMap":{},"s":{"0":1,"1":1,"2":1,"3":2,"4":1,"5":1},"f":{"0":1,"1":2},"b":{},"_coverageSchema":"1a1c01bbd47fc00a2c39e90264f33305004495a9","hash":"b6fd6173f0a3659e118db56171951e22e1c90911"}
,"/Users/britdannen/cs341/cs341-spring-2024-data-afternoon/data-afternoon/public/javascripts/free_wifi.js": {"path":"/Users/britdannen/cs341/cs341-spring-2024-data-afternoon/data-afternoon/public/javascripts/free_wifi.js","statementMap":{"0":{"start":{"line":1,"column":0},"end":{"line":22,"column":3}},"1":{"start":{"line":7,"column":22},"end":{"line":7,"column":73}},"2":{"start":{"line":10,"column":4},"end":{"line":14,"column":3}},"3":{"start":{"line":12,"column":4},"end":{"line":13,"column":70}},"4":{"start":{"line":17,"column":4},"end":{"line":17,"column":28}},"5":{"start":{"line":20,"column":4},"end":{"line":20,"column":65}}},"fnMap":{"0":{"name":"(anonymous_0)","decl":{"start":{"line":1,"column":33},"end":{"line":1,"column":34}},"loc":{"start":{"line":1,"column":67},"end":{"line":22,"column":1}},"line":1},"1":{"name":"(anonymous_1)","decl":{"start":{"line":10,"column":31},"end":{"line":10,"column":32}},"loc":{"start":{"line":10,"column":42},"end":{"line":14,"column":1}},"line":10}},"branchMap":{},"s":{"0":1,"1":1,"2":1,"3":2,"4":1,"5":1},"f":{"0":1,"1":2},"b":{},"_coverageSchema":"1a1c01bbd47fc00a2c39e90264f33305004495a9","hash":"f27742e61179b7da302e05a255c009cabe4a3ac8"}
,"/Users/britdannen/cs341/cs341-spring-2024-data-afternoon/data-afternoon/public/javascripts/health_care.js": {"path":"/Users/britdannen/cs341/cs341-spring-2024-data-afternoon/data-afternoon/public/javascripts/health_care.js","statementMap":{"0":{"start":{"line":1,"column":0},"end":{"line":22,"column":3}},"1":{"start":{"line":7,"column":22},"end":{"line":7,"column":84}},"2":{"start":{"line":10,"column":4},"end":{"line":14,"column":3}},"3":{"start":{"line":12,"column":4},"end":{"line":13,"column":118}},"4":{"start":{"line":17,"column":4},"end":{"line":17,"column":28}},"5":{"start":{"line":20,"column":4},"end":{"line":20,"column":67}}},"fnMap":{"0":{"name":"(anonymous_0)","decl":{"start":{"line":1,"column":33},"end":{"line":1,"column":34}},"loc":{"start":{"line":1,"column":67},"end":{"line":22,"column":1}},"line":1},"1":{"name":"(anonymous_1)","decl":{"start":{"line":10,"column":31},"end":{"line":10,"column":32}},"loc":{"start":{"line":10,"column":42},"end":{"line":14,"column":1}},"line":10}},"branchMap":{},"s":{"0":1,"1":1,"2":1,"3":2,"4":1,"5":1},"f":{"0":1,"1":2},"b":{},"_coverageSchema":"1a1c01bbd47fc00a2c39e90264f33305004495a9","hash":"011a03ad798dd2f0ea9a76168d87af3fabff4a6f"}
,"/Users/britdannen/cs341/cs341-spring-2024-data-afternoon/data-afternoon/public/javascripts/rest_villages.js": {"path":"/Users/britdannen/cs341/cs341-spring-2024-data-afternoon/data-afternoon/public/javascripts/rest_villages.js","statementMap":{"0":{"start":{"line":1,"column":0},"end":{"line":23,"column":3}},"1":{"start":{"line":7,"column":22},"end":{"line":7,"column":82}},"2":{"start":{"line":10,"column":4},"end":{"line":15,"column":3}},"3":{"start":{"line":13,"column":4},"end":{"line":14,"column":78}},"4":{"start":{"line":18,"column":4},"end":{"line":18,"column":28}},"5":{"start":{"line":21,"column":4},"end":{"line":21,"column":69}}},"fnMap":{"0":{"name":"(anonymous_0)","decl":{"start":{"line":1,"column":33},"end":{"line":1,"column":34}},"loc":{"start":{"line":1,"column":67},"end":{"line":23,"column":1}},"line":1},"1":{"name":"(anonymous_1)","decl":{"start":{"line":10,"column":31},"end":{"line":10,"column":32}},"loc":{"start":{"line":10,"column":42},"end":{"line":15,"column":1}},"line":10}},"branchMap":{},"s":{"0":1,"1":1,"2":1,"3":2,"4":1,"5":1},"f":{"0":1,"1":2},"b":{},"_coverageSchema":"1a1c01bbd47fc00a2c39e90264f33305004495a9","hash":"893554e450afef22bbfbf0af3a96f2d61f926a2b"}
,"/Users/britdannen/cs341/cs341-spring-2024-data-afternoon/data-afternoon/public/javascripts/safe_year_round.js": {"path":"/Users/britdannen/cs341/cs341-spring-2024-data-afternoon/data-afternoon/public/javascripts/safe_year_round.js","statementMap":{"0":{"start":{"line":1,"column":0},"end":{"line":21,"column":3}},"1":{"start":{"line":7,"column":22},"end":{"line":7,"column":88}},"2":{"start":{"line":10,"column":4},"end":{"line":14,"column":7}},"3":{"start":{"line":12,"column":8},"end":{"line":13,"column":70}},"4":{"start":{"line":17,"column":4},"end":{"line":17,"column":28}},"5":{"start":{"line":20,"column":4},"end":{"line":20,"column":75}}},"fnMap":{"0":{"name":"(anonymous_0)","decl":{"start":{"line":1,"column":33},"end":{"line":1,"column":34}},"loc":{"start":{"line":1,"column":67},"end":{"line":21,"column":1}},"line":1},"1":{"name":"(anonymous_1)","decl":{"start":{"line":10,"column":31},"end":{"line":10,"column":32}},"loc":{"start":{"line":10,"column":42},"end":{"line":14,"column":5}},"line":10}},"branchMap":{},"s":{"0":1,"1":1,"2":1,"3":2,"4":1,"5":1},"f":{"0":1,"1":2},"b":{},"_coverageSchema":"1a1c01bbd47fc00a2c39e90264f33305004495a9","hash":"4f8399b3eb750ea5810d2734c2c4d057df763cbe"}
,"/Users/britdannen/cs341/cs341-spring-2024-data-afternoon/data-afternoon/public/javascripts/submissionForm.js": {"path":"/Users/britdannen/cs341/cs341-spring-2024-data-afternoon/data-afternoon/public/javascripts/submissionForm.js","statementMap":{"0":{"start":{"line":1,"column":0},"end":{"line":3,"column":3}},"1":{"start":{"line":2,"column":4},"end":{"line":2,"column":28}},"2":{"start":{"line":7,"column":15},"end":{"line":7,"column":52}},"3":{"start":{"line":8,"column":18},"end":{"line":8,"column":58}},"4":{"start":{"line":11,"column":8},"end":{"line":18,"column":10}},"5":{"start":{"line":12,"column":12},"end":{"line":17,"column":13}},"6":{"start":{"line":13,"column":16},"end":{"line":13,"column":40}},"7":{"start":{"line":16,"column":16},"end":{"line":16,"column":55}},"8":{"start":{"line":22,"column":0},"end":{"line":42,"column":3}},"9":{"start":{"line":28,"column":22},"end":{"line":28,"column":82}},"10":{"start":{"line":31,"column":4},"end":{"line":34,"column":3}},"11":{"start":{"line":33,"column":4},"end":{"line":33,"column":141}},"12":{"start":{"line":37,"column":4},"end":{"line":37,"column":28}},"13":{"start":{"line":40,"column":4},"end":{"line":40,"column":70}},"14":{"start":{"line":45,"column":4},"end":{"line":52,"column":7}},"15":{"start":{"line":46,"column":26},"end":{"line":46,"column":86}},"16":{"start":{"line":47,"column":8},"end":{"line":49,"column":11}},"17":{"start":{"line":48,"column":12},"end":{"line":48,"column":149}},"18":{"start":{"line":50,"column":8},"end":{"line":50,"column":32}},"19":{"start":{"line":51,"column":8},"end":{"line":51,"column":74}},"20":{"start":{"line":55,"column":0},"end":{"line":55,"column":59}}},"fnMap":{"0":{"name":"(anonymous_0)","decl":{"start":{"line":1,"column":18},"end":{"line":1,"column":19}},"loc":{"start":{"line":1,"column":29},"end":{"line":3,"column":1}},"line":1},"1":{"name":"submitFunction","decl":{"start":{"line":5,"column":9},"end":{"line":5,"column":23}},"loc":{"start":{"line":6,"column":0},"end":{"line":19,"column":1}},"line":6},"2":{"name":"(anonymous_2)","decl":{"start":{"line":11,"column":87},"end":{"line":11,"column":88}},"loc":{"start":{"line":11,"column":106},"end":{"line":18,"column":9}},"line":11},"3":{"name":"(anonymous_3)","decl":{"start":{"line":22,"column":33},"end":{"line":22,"column":34}},"loc":{"start":{"line":22,"column":67},"end":{"line":42,"column":1}},"line":22},"4":{"name":"(anonymous_4)","decl":{"start":{"line":31,"column":31},"end":{"line":31,"column":32}},"loc":{"start":{"line":31,"column":42},"end":{"line":34,"column":1}},"line":31},"5":{"name":"updatePendingRequests","decl":{"start":{"line":44,"column":9},"end":{"line":44,"column":30}},"loc":{"start":{"line":44,"column":33},"end":{"line":53,"column":1}},"line":44},"6":{"name":"(anonymous_6)","decl":{"start":{"line":45,"column":37},"end":{"line":45,"column":38}},"loc":{"start":{"line":45,"column":71},"end":{"line":52,"column":5}},"line":45},"7":{"name":"(anonymous_7)","decl":{"start":{"line":47,"column":35},"end":{"line":47,"column":36}},"loc":{"start":{"line":47,"column":46},"end":{"line":49,"column":9}},"line":47}},"branchMap":{"0":{"loc":{"start":{"line":12,"column":12},"end":{"line":17,"column":13}},"type":"if","locations":[{"start":{"line":12,"column":12},"end":{"line":17,"column":13}},{"start":{"line":14,"column":19},"end":{"line":17,"column":13}}],"line":12},"1":{"loc":{"start":{"line":12,"column":16},"end":{"line":12,"column":44}},"type":"binary-expr","locations":[{"start":{"line":12,"column":16},"end":{"line":12,"column":24}},{"start":{"line":12,"column":28},"end":{"line":12,"column":44}}],"line":12}},"s":{"0":1,"1":0,"2":1,"3":1,"4":1,"5":1,"6":1,"7":0,"8":1,"9":1,"10":1,"11":1,"12":1,"13":1,"14":2,"15":2,"16":2,"17":2,"18":2,"19":2,"20":1},"f":{"0":0,"1":1,"2":1,"3":1,"4":1,"5":2,"6":2,"7":2},"b":{"0":[1,0],"1":[1,1]},"_coverageSchema":"1a1c01bbd47fc00a2c39e90264f33305004495a9","hash":"7b087f74828088b3aa096a739052e23068fb2b12"}
,"/Users/britdannen/cs341/cs341-spring-2024-data-afternoon/data-afternoon/public/javascripts/unhoused.js": {"path":"/Users/britdannen/cs341/cs341-spring-2024-data-afternoon/data-afternoon/public/javascripts/unhoused.js","statementMap":{"0":{"start":{"line":5,"column":2},"end":{"line":5,"column":43}},"1":{"start":{"line":10,"column":2},"end":{"line":10,"column":61}},"2":{"start":{"line":11,"column":2},"end":{"line":11,"column":57}},"3":{"start":{"line":18,"column":2},"end":{"line":18,"column":62}},"4":{"start":{"line":19,"column":2},"end":{"line":19,"column":56}},"5":{"start":{"line":23,"column":20},"end":{"line":23,"column":78}},"6":{"start":{"line":25,"column":21},"end":{"line":30,"column":3}},"7":{"start":{"line":32,"column":2},"end":{"line":38,"column":3}},"8":{"start":{"line":33,"column":4},"end":{"line":33,"column":70}},"9":{"start":{"line":37,"column":4},"end":{"line":37,"column":29}},"10":{"start":{"line":42,"column":17},"end":{"line":42,"column":53}},"11":{"start":{"line":43,"column":17},"end":{"line":43,"column":53}},"12":{"start":{"line":45,"column":2},"end":{"line":51,"column":3}},"13":{"start":{"line":46,"column":4},"end":{"line":46,"column":54}},"14":{"start":{"line":46,"column":26},"end":{"line":46,"column":52}},"15":{"start":{"line":47,"column":4},"end":{"line":47,"column":55}},"16":{"start":{"line":47,"column":26},"end":{"line":47,"column":53}},"17":{"start":{"line":49,"column":4},"end":{"line":49,"column":55}},"18":{"start":{"line":49,"column":26},"end":{"line":49,"column":53}},"19":{"start":{"line":50,"column":4},"end":{"line":50,"column":54}},"20":{"start":{"line":50,"column":26},"end":{"line":50,"column":52}},"21":{"start":{"line":53,"column":2},"end":{"line":53,"column":49}},"22":{"start":{"line":55,"column":14},"end":{"line":55,"column":47}},"23":{"start":{"line":56,"column":2},"end":{"line":58,"column":3}},"24":{"start":{"line":57,"column":4},"end":{"line":57,"column":26}},"25":{"start":{"line":62,"column":0},"end":{"line":72,"column":1}},"26":{"start":{"line":63,"column":2},"end":{"line":69,"column":5}},"27":{"start":{"line":64,"column":21},"end":{"line":64,"column":45}},"28":{"start":{"line":65,"column":22},"end":{"line":65,"column":47}},"29":{"start":{"line":68,"column":4},"end":{"line":68,"column":45}},"30":{"start":{"line":71,"column":2},"end":{"line":71,"column":46}},"31":{"start":{"line":75,"column":2},"end":{"line":77,"column":5}},"32":{"start":{"line":76,"column":4},"end":{"line":76,"column":82}},"33":{"start":{"line":81,"column":19},"end":{"line":81,"column":45}},"34":{"start":{"line":82,"column":17},"end":{"line":82,"column":64}},"35":{"start":{"line":83,"column":2},"end":{"line":99,"column":5}},"36":{"start":{"line":84,"column":4},"end":{"line":98,"column":5}},"37":{"start":{"line":85,"column":6},"end":{"line":95,"column":7}},"38":{"start":{"line":86,"column":34},"end":{"line":86,"column":63}},"39":{"start":{"line":87,"column":33},"end":{"line":87,"column":106}},"40":{"start":{"line":87,"column":69},"end":{"line":87,"column":105}},"41":{"start":{"line":88,"column":8},"end":{"line":92,"column":9}},"42":{"start":{"line":89,"column":10},"end":{"line":89,"column":47}},"43":{"start":{"line":91,"column":10},"end":{"line":91,"column":43}},"44":{"start":{"line":94,"column":8},"end":{"line":94,"column":40}},"45":{"start":{"line":97,"column":6},"end":{"line":97,"column":55}},"46":{"start":{"line":103,"column":0},"end":{"line":103,"column":130}}},"fnMap":{"0":{"name":"mydataFunction","decl":{"start":{"line":4,"column":9},"end":{"line":4,"column":23}},"loc":{"start":{"line":4,"column":26},"end":{"line":6,"column":1}},"line":4},"1":{"name":"addInfoMap","decl":{"start":{"line":8,"column":9},"end":{"line":8,"column":19}},"loc":{"start":{"line":8,"column":22},"end":{"line":12,"column":1}},"line":8},"2":{"name":"changeAddInfoBack","decl":{"start":{"line":15,"column":9},"end":{"line":15,"column":26}},"loc":{"start":{"line":15,"column":29},"end":{"line":20,"column":1}},"line":15},"3":{"name":"handleSearch","decl":{"start":{"line":22,"column":9},"end":{"line":22,"column":21}},"loc":{"start":{"line":22,"column":24},"end":{"line":39,"column":1}},"line":22},"4":{"name":"toggleLanguage","decl":{"start":{"line":41,"column":9},"end":{"line":41,"column":23}},"loc":{"start":{"line":41,"column":30},"end":{"line":60,"column":1}},"line":41},"5":{"name":"(anonymous_5)","decl":{"start":{"line":46,"column":19},"end":{"line":46,"column":20}},"loc":{"start":{"line":46,"column":26},"end":{"line":46,"column":52}},"line":46},"6":{"name":"(anonymous_6)","decl":{"start":{"line":47,"column":19},"end":{"line":47,"column":20}},"loc":{"start":{"line":47,"column":26},"end":{"line":47,"column":53}},"line":47},"7":{"name":"(anonymous_7)","decl":{"start":{"line":49,"column":19},"end":{"line":49,"column":20}},"loc":{"start":{"line":49,"column":26},"end":{"line":49,"column":53}},"line":49},"8":{"name":"(anonymous_8)","decl":{"start":{"line":50,"column":19},"end":{"line":50,"column":20}},"loc":{"start":{"line":50,"column":26},"end":{"line":50,"column":52}},"line":50},"9":{"name":"(anonymous_9)","decl":{"start":{"line":63,"column":43},"end":{"line":63,"column":44}},"loc":{"start":{"line":63,"column":62},"end":{"line":69,"column":3}},"line":63},"10":{"name":"updateUserInterface","decl":{"start":{"line":74,"column":9},"end":{"line":74,"column":28}},"loc":{"start":{"line":74,"column":40},"end":{"line":78,"column":1}},"line":74},"11":{"name":"(anonymous_11)","decl":{"start":{"line":75,"column":24},"end":{"line":75,"column":25}},"loc":{"start":{"line":75,"column":42},"end":{"line":77,"column":3}},"line":75},"12":{"name":"getZipCode","decl":{"start":{"line":80,"column":9},"end":{"line":80,"column":19}},"loc":{"start":{"line":80,"column":41},"end":{"line":100,"column":1}},"line":80},"13":{"name":"(anonymous_13)","decl":{"start":{"line":83,"column":41},"end":{"line":83,"column":42}},"loc":{"start":{"line":83,"column":67},"end":{"line":99,"column":3}},"line":83},"14":{"name":"(anonymous_14)","decl":{"start":{"line":87,"column":56},"end":{"line":87,"column":57}},"loc":{"start":{"line":87,"column":69},"end":{"line":87,"column":105}},"line":87}},"branchMap":{"0":{"loc":{"start":{"line":32,"column":2},"end":{"line":38,"column":3}},"type":"if","locations":[{"start":{"line":32,"column":2},"end":{"line":38,"column":3}},{"start":{"line":36,"column":6},"end":{"line":38,"column":3}}],"line":32},"1":{"loc":{"start":{"line":45,"column":2},"end":{"line":51,"column":3}},"type":"if","locations":[{"start":{"line":45,"column":2},"end":{"line":51,"column":3}},{"start":{"line":48,"column":9},"end":{"line":51,"column":3}}],"line":45},"2":{"loc":{"start":{"line":56,"column":2},"end":{"line":58,"column":3}},"type":"if","locations":[{"start":{"line":56,"column":2},"end":{"line":58,"column":3}},{"start":{},"end":{}}],"line":56},"3":{"loc":{"start":{"line":56,"column":6},"end":{"line":56,"column":47}},"type":"binary-expr","locations":[{"start":{"line":56,"column":6},"end":{"line":56,"column":11}},{"start":{"line":56,"column":15},"end":{"line":56,"column":47}}],"line":56},"4":{"loc":{"start":{"line":62,"column":0},"end":{"line":72,"column":1}},"type":"if","locations":[{"start":{"line":62,"column":0},"end":{"line":72,"column":1}},{"start":{"line":70,"column":7},"end":{"line":72,"column":1}}],"line":62},"5":{"loc":{"start":{"line":84,"column":4},"end":{"line":98,"column":5}},"type":"if","locations":[{"start":{"line":84,"column":4},"end":{"line":98,"column":5}},{"start":{"line":96,"column":11},"end":{"line":98,"column":5}}],"line":84},"6":{"loc":{"start":{"line":85,"column":6},"end":{"line":95,"column":7}},"type":"if","locations":[{"start":{"line":85,"column":6},"end":{"line":95,"column":7}},{"start":{"line":93,"column":13},"end":{"line":95,"column":7}}],"line":85},"7":{"loc":{"start":{"line":88,"column":8},"end":{"line":92,"column":9}},"type":"if","locations":[{"start":{"line":88,"column":8},"end":{"line":92,"column":9}},{"start":{"line":90,"column":15},"end":{"line":92,"column":9}}],"line":88}},"s":{"0":1,"1":1,"2":1,"3":1,"4":1,"5":2,"6":2,"7":2,"8":1,"9":1,"10":2,"11":2,"12":2,"13":1,"14":1,"15":1,"16":1,"17":1,"18":1,"19":1,"20":1,"21":2,"22":2,"23":2,"24":0,"25":1,"26":0,"27":0,"28":0,"29":0,"30":1,"31":0,"32":0,"33":0,"34":0,"35":0,"36":0,"37":0,"38":0,"39":0,"40":0,"41":0,"42":0,"43":0,"44":0,"45":0,"46":1},"f":{"0":1,"1":1,"2":1,"3":2,"4":2,"5":1,"6":1,"7":1,"8":1,"9":0,"10":0,"11":0,"12":0,"13":0,"14":0},"b":{"0":[1,1],"1":[1,1],"2":[0,2],"3":[2,0],"4":[0,1],"5":[0,0],"6":[0,0],"7":[0,0]},"_coverageSchema":"1a1c01bbd47fc00a2c39e90264f33305004495a9","hash":"29f35188a3ea9688c65e71594166d5e498c13c3e"}
,"/Users/britdannen/cs341/cs341-spring-2024-data-afternoon/data-afternoon/public/javascripts/volunteer.js": {"path":"/Users/britdannen/cs341/cs341-spring-2024-data-afternoon/data-afternoon/public/javascripts/volunteer.js","statementMap":{"0":{"start":{"line":1,"column":0},"end":{"line":21,"column":3}},"1":{"start":{"line":7,"column":22},"end":{"line":7,"column":73}},"2":{"start":{"line":10,"column":4},"end":{"line":14,"column":7}},"3":{"start":{"line":12,"column":8},"end":{"line":13,"column":121}},"4":{"start":{"line":17,"column":4},"end":{"line":17,"column":28}},"5":{"start":{"line":20,"column":4},"end":{"line":20,"column":65}}},"fnMap":{"0":{"name":"(anonymous_0)","decl":{"start":{"line":1,"column":33},"end":{"line":1,"column":34}},"loc":{"start":{"line":1,"column":67},"end":{"line":21,"column":1}},"line":1},"1":{"name":"(anonymous_1)","decl":{"start":{"line":10,"column":31},"end":{"line":10,"column":32}},"loc":{"start":{"line":10,"column":42},"end":{"line":14,"column":5}},"line":10}},"branchMap":{},"s":{"0":1,"1":1,"2":1,"3":2,"4":1,"5":1},"f":{"0":1,"1":2},"b":{},"_coverageSchema":"1a1c01bbd47fc00a2c39e90264f33305004495a9","hash":"48c1cddd105388d9ff23dc512a1d2a68fc451c36"}
}
