{"/Users/britdannen/cs341/cs341-spring-2024-data-afternoon/data-afternoon/public/javascripts/dataBase.js": {"path":"/Users/britdannen/cs341/cs341-spring-2024-data-afternoon/data-afternoon/public/javascripts/dataBase.js","statementMap":{"0":{"start":{"line":4,"column":20},"end":{"line":4,"column":37}},"1":{"start":{"line":5,"column":20},"end":{"line":5,"column":42}},"2":{"start":{"line":6,"column":20},"end":{"line":6,"column":40}},"3":{"start":{"line":7,"column":20},"end":{"line":7,"column":39}},"4":{"start":{"line":8,"column":20},"end":{"line":8,"column":37}},"5":{"start":{"line":9,"column":20},"end":{"line":9,"column":39}},"6":{"start":{"line":13,"column":8},"end":{"line":68,"column":10}},"7":{"start":{"line":15,"column":21},"end":{"line":15,"column":53}},"8":{"start":{"line":18,"column":8},"end":{"line":21,"column":11}},"9":{"start":{"line":23,"column":23},"end":{"line":23,"column":49}},"10":{"start":{"line":26,"column":30},"end":{"line":32,"column":9}},"11":{"start":{"line":35,"column":23},"end":{"line":35,"column":56}},"12":{"start":{"line":38,"column":8},"end":{"line":50,"column":11}},"13":{"start":{"line":40,"column":28},"end":{"line":40,"column":57}},"14":{"start":{"line":41,"column":29},"end":{"line":41,"column":58}},"15":{"start":{"line":42,"column":16},"end":{"line":42,"column":40}},"16":{"start":{"line":43,"column":16},"end":{"line":43,"column":47}},"17":{"start":{"line":44,"column":16},"end":{"line":44,"column":38}},"18":{"start":{"line":46,"column":29},"end":{"line":46,"column":63}},"19":{"start":{"line":47,"column":16},"end":{"line":47,"column":38}},"20":{"start":{"line":49,"column":16},"end":{"line":49,"column":40}},"21":{"start":{"line":52,"column":8},"end":{"line":66,"column":9}},"22":{"start":{"line":52,"column":21},"end":{"line":52,"column":22}},"23":{"start":{"line":54,"column":2},"end":{"line":65,"column":3}},"24":{"start":{"line":56,"column":17},"end":{"line":64,"column":18}},"25":{"start":{"line":56,"column":30},"end":{"line":56,"column":31}},"26":{"start":{"line":59,"column":31},"end":{"line":59,"column":66}},"27":{"start":{"line":60,"column":28},"end":{"line":60,"column":59}},"28":{"start":{"line":62,"column":17},"end":{"line":62,"column":60}},"29":{"start":{"line":70,"column":22},"end":{"line":70,"column":58}},"30":{"start":{"line":71,"column":26},"end":{"line":71,"column":65}},"31":{"start":{"line":73,"column":22},"end":{"line":73,"column":24}},"32":{"start":{"line":77,"column":8},"end":{"line":124,"column":11}},"33":{"start":{"line":78,"column":25},"end":{"line":78,"column":46}},"34":{"start":{"line":80,"column":10},"end":{"line":82,"column":11}},"35":{"start":{"line":81,"column":12},"end":{"line":81,"column":19}},"36":{"start":{"line":85,"column":10},"end":{"line":87,"column":13}},"37":{"start":{"line":86,"column":12},"end":{"line":86,"column":32}},"38":{"start":{"line":88,"column":10},"end":{"line":88,"column":23}},"39":{"start":{"line":91,"column":25},"end":{"line":91,"column":55}},"40":{"start":{"line":93,"column":10},"end":{"line":122,"column":13}},"41":{"start":{"line":94,"column":12},"end":{"line":97,"column":13}},"42":{"start":{"line":95,"column":14},"end":{"line":95,"column":65}},"43":{"start":{"line":96,"column":14},"end":{"line":96,"column":21}},"44":{"start":{"line":99,"column":25},"end":{"line":105,"column":13}},"45":{"start":{"line":108,"column":12},"end":{"line":115,"column":14}},"46":{"start":{"line":116,"column":12},"end":{"line":121,"column":13}},"47":{"start":{"line":118,"column":14},"end":{"line":118,"column":52}},"48":{"start":{"line":120,"column":14},"end":{"line":120,"column":53}},"49":{"start":{"line":123,"column":10},"end":{"line":123,"column":32}},"50":{"start":{"line":127,"column":6},"end":{"line":127,"column":49}},"51":{"start":{"line":131,"column":23},"end":{"line":131,"column":70}},"52":{"start":{"line":132,"column":23},"end":{"line":132,"column":49}},"53":{"start":{"line":134,"column":8},"end":{"line":157,"column":11}},"54":{"start":{"line":135,"column":16},"end":{"line":156,"column":17}},"55":{"start":{"line":152,"column":24},"end":{"line":152,"column":109}},"56":{"start":{"line":155,"column":24},"end":{"line":155,"column":134}},"57":{"start":{"line":159,"column":8},"end":{"line":161,"column":9}},"58":{"start":{"line":160,"column":16},"end":{"line":160,"column":67}},"59":{"start":{"line":167,"column":8},"end":{"line":217,"column":11}},"60":{"start":{"line":168,"column":16},"end":{"line":215,"column":17}},"61":{"start":{"line":174,"column":41},"end":{"line":176,"column":26}},"62":{"start":{"line":180,"column":24},"end":{"line":188,"column":29}},"63":{"start":{"line":181,"column":32},"end":{"line":181,"column":54}},"64":{"start":{"line":182,"column":35},"end":{"line":188,"column":29}},"65":{"start":{"line":183,"column":32},"end":{"line":183,"column":54}},"66":{"start":{"line":184,"column":35},"end":{"line":188,"column":29}},"67":{"start":{"line":185,"column":32},"end":{"line":185,"column":54}},"68":{"start":{"line":187,"column":32},"end":{"line":187,"column":54}},"69":{"start":{"line":191,"column":37},"end":{"line":200,"column":26}},"70":{"start":{"line":203,"column":24},"end":{"line":205,"column":27}},"71":{"start":{"line":204,"column":32},"end":{"line":204,"column":61}},"72":{"start":{"line":207,"column":24},"end":{"line":210,"column":27}},"73":{"start":{"line":208,"column":32},"end":{"line":208,"column":48}},"74":{"start":{"line":209,"column":32},"end":{"line":209,"column":68}},"75":{"start":{"line":214,"column":16},"end":{"line":214,"column":127}},"76":{"start":{"line":220,"column":0},"end":{"line":220,"column":67}}},"fnMap":{"0":{"name":"initAutocomplete","decl":{"start":{"line":11,"column":9},"end":{"line":11,"column":25}},"loc":{"start":{"line":11,"column":28},"end":{"line":125,"column":7}},"line":11},"1":{"name":"(anonymous_1)","decl":{"start":{"line":13,"column":41},"end":{"line":13,"column":42}},"loc":{"start":{"line":13,"column":64},"end":{"line":68,"column":9}},"line":13},"2":{"name":"(anonymous_2)","decl":{"start":{"line":38,"column":30},"end":{"line":38,"column":31}},"loc":{"start":{"line":38,"column":45},"end":{"line":50,"column":9}},"line":38},"3":{"name":"(anonymous_3)","decl":{"start":{"line":77,"column":48},"end":{"line":77,"column":49}},"loc":{"start":{"line":77,"column":54},"end":{"line":124,"column":9}},"line":77},"4":{"name":"(anonymous_4)","decl":{"start":{"line":85,"column":26},"end":{"line":85,"column":27}},"loc":{"start":{"line":85,"column":38},"end":{"line":87,"column":11}},"line":85},"5":{"name":"(anonymous_5)","decl":{"start":{"line":93,"column":25},"end":{"line":93,"column":26}},"loc":{"start":{"line":93,"column":36},"end":{"line":122,"column":11}},"line":93},"6":{"name":"findAddress","decl":{"start":{"line":130,"column":9},"end":{"line":130,"column":20}},"loc":{"start":{"line":130,"column":23},"end":{"line":162,"column":1}},"line":130},"7":{"name":"(anonymous_7)","decl":{"start":{"line":134,"column":48},"end":{"line":134,"column":49}},"loc":{"start":{"line":134,"column":69},"end":{"line":157,"column":9}},"line":134},"8":{"name":"geocodeAddress","decl":{"start":{"line":164,"column":9},"end":{"line":164,"column":23}},"loc":{"start":{"line":165,"column":0},"end":{"line":218,"column":1}},"line":165},"9":{"name":"(anonymous_9)","decl":{"start":{"line":167,"column":49},"end":{"line":167,"column":50}},"loc":{"start":{"line":167,"column":70},"end":{"line":217,"column":9}},"line":167},"10":{"name":"(anonymous_10)","decl":{"start":{"line":203,"column":52},"end":{"line":203,"column":53}},"loc":{"start":{"line":203,"column":63},"end":{"line":205,"column":25}},"line":203},"11":{"name":"(anonymous_11)","decl":{"start":{"line":207,"column":69},"end":{"line":207,"column":70}},"loc":{"start":{"line":207,"column":80},"end":{"line":210,"column":25}},"line":207}},"branchMap":{"0":{"loc":{"start":{"line":54,"column":2},"end":{"line":65,"column":3}},"type":"if","locations":[{"start":{"line":54,"column":2},"end":{"line":65,"column":3}},{"start":{},"end":{}}],"line":54},"1":{"loc":{"start":{"line":80,"column":10},"end":{"line":82,"column":11}},"type":"if","locations":[{"start":{"line":80,"column":10},"end":{"line":82,"column":11}},{"start":{},"end":{}}],"line":80},"2":{"loc":{"start":{"line":94,"column":12},"end":{"line":97,"column":13}},"type":"if","locations":[{"start":{"line":94,"column":12},"end":{"line":97,"column":13}},{"start":{},"end":{}}],"line":94},"3":{"loc":{"start":{"line":94,"column":16},"end":{"line":94,"column":59}},"type":"binary-expr","locations":[{"start":{"line":94,"column":16},"end":{"line":94,"column":31}},{"start":{"line":94,"column":35},"end":{"line":94,"column":59}}],"line":94},"4":{"loc":{"start":{"line":116,"column":12},"end":{"line":121,"column":13}},"type":"if","locations":[{"start":{"line":116,"column":12},"end":{"line":121,"column":13}},{"start":{"line":119,"column":19},"end":{"line":121,"column":13}}],"line":116},"5":{"loc":{"start":{"line":135,"column":16},"end":{"line":156,"column":17}},"type":"if","locations":[{"start":{"line":135,"column":16},"end":{"line":156,"column":17}},{"start":{"line":154,"column":21},"end":{"line":156,"column":17}}],"line":135},"6":{"loc":{"start":{"line":159,"column":8},"end":{"line":161,"column":9}},"type":"if","locations":[{"start":{"line":159,"column":8},"end":{"line":161,"column":9}},{"start":{},"end":{}}],"line":159},"7":{"loc":{"start":{"line":168,"column":16},"end":{"line":215,"column":17}},"type":"if","locations":[{"start":{"line":168,"column":16},"end":{"line":215,"column":17}},{"start":{"line":213,"column":21},"end":{"line":215,"column":17}}],"line":168},"8":{"loc":{"start":{"line":180,"column":24},"end":{"line":188,"column":29}},"type":"if","locations":[{"start":{"line":180,"column":24},"end":{"line":188,"column":29}},{"start":{"line":182,"column":35},"end":{"line":188,"column":29}}],"line":180},"9":{"loc":{"start":{"line":180,"column":28},"end":{"line":180,"column":60}},"type":"binary-expr","locations":[{"start":{"line":180,"column":28},"end":{"line":180,"column":42}},{"start":{"line":180,"column":46},"end":{"line":180,"column":60}}],"line":180},"10":{"loc":{"start":{"line":182,"column":35},"end":{"line":188,"column":29}},"type":"if","locations":[{"start":{"line":182,"column":35},"end":{"line":188,"column":29}},{"start":{"line":184,"column":35},"end":{"line":188,"column":29}}],"line":182},"11":{"loc":{"start":{"line":184,"column":35},"end":{"line":188,"column":29}},"type":"if","locations":[{"start":{"line":184,"column":35},"end":{"line":188,"column":29}},{"start":{"line":186,"column":35},"end":{"line":188,"column":29}}],"line":184}},"s":{"0":1,"1":1,"2":1,"3":1,"4":1,"5":1,"6":6,"7":6,"8":6,"9":6,"10":6,"11":6,"12":6,"13":24,"14":24,"15":24,"16":24,"17":24,"18":24,"19":24,"20":24,"21":6,"22":6,"23":5,"24":4,"25":4,"26":4,"27":4,"28":4,"29":6,"30":6,"31":6,"32":6,"33":2,"34":2,"35":0,"36":2,"37":0,"38":2,"39":2,"40":2,"41":2,"42":0,"43":0,"44":2,"45":2,"46":2,"47":0,"48":2,"49":2,"50":1,"51":0,"52":0,"53":0,"54":0,"55":0,"56":0,"57":0,"58":0,"59":4,"60":4,"61":4,"62":4,"63":4,"64":0,"65":0,"66":0,"67":0,"68":0,"69":4,"70":4,"71":0,"72":4,"73":0,"74":0,"75":0,"76":1},"f":{"0":6,"1":6,"2":24,"3":2,"4":0,"5":2,"6":0,"7":0,"8":4,"9":4,"10":0,"11":0},"b":{"0":[4,1],"1":[0,2],"2":[0,2],"3":[2,2],"4":[0,2],"5":[0,0],"6":[0,0],"7":[4,0],"8":[4,0],"9":[4,0],"10":[0,0],"11":[0,0]},"_coverageSchema":"1a1c01bbd47fc00a2c39e90264f33305004495a9","hash":"d1d292fb734ac803438fb27547aea038b08f67db"}
,"/Users/britdannen/cs341/cs341-spring-2024-data-afternoon/data-afternoon/public/javascripts/free_groceries.js": {"path":"/Users/britdannen/cs341/cs341-spring-2024-data-afternoon/data-afternoon/public/javascripts/free_groceries.js","statementMap":{"0":{"start":{"line":1,"column":0},"end":{"line":21,"column":3}},"1":{"start":{"line":7,"column":22},"end":{"line":7,"column":78}},"2":{"start":{"line":10,"column":4},"end":{"line":13,"column":3}},"3":{"start":{"line":12,"column":4},"end":{"line":12,"column":141}},"4":{"start":{"line":16,"column":4},"end":{"line":16,"column":28}},"5":{"start":{"line":19,"column":4},"end":{"line":19,"column":70}}},"fnMap":{"0":{"name":"(anonymous_0)","decl":{"start":{"line":1,"column":33},"end":{"line":1,"column":34}},"loc":{"start":{"line":1,"column":67},"end":{"line":21,"column":1}},"line":1},"1":{"name":"(anonymous_1)","decl":{"start":{"line":10,"column":31},"end":{"line":10,"column":32}},"loc":{"start":{"line":10,"column":42},"end":{"line":13,"column":1}},"line":10}},"branchMap":{},"s":{"0":1,"1":1,"2":1,"3":2,"4":1,"5":1},"f":{"0":1,"1":2},"b":{},"_coverageSchema":"1a1c01bbd47fc00a2c39e90264f33305004495a9","hash":"0fedb8ff1db07078e5ccf54929c28fd58f1a7c0b"}
,"/Users/britdannen/cs341/cs341-spring-2024-data-afternoon/data-afternoon/public/javascripts/free_meals.js": {"path":"/Users/britdannen/cs341/cs341-spring-2024-data-afternoon/data-afternoon/public/javascripts/free_meals.js","statementMap":{"0":{"start":{"line":1,"column":0},"end":{"line":21,"column":3}},"1":{"start":{"line":7,"column":22},"end":{"line":7,"column":74}},"2":{"start":{"line":10,"column":4},"end":{"line":13,"column":3}},"3":{"start":{"line":12,"column":4},"end":{"line":12,"column":141}},"4":{"start":{"line":16,"column":4},"end":{"line":16,"column":28}},"5":{"start":{"line":19,"column":4},"end":{"line":19,"column":66}}},"fnMap":{"0":{"name":"(anonymous_0)","decl":{"start":{"line":1,"column":33},"end":{"line":1,"column":34}},"loc":{"start":{"line":1,"column":67},"end":{"line":21,"column":1}},"line":1},"1":{"name":"(anonymous_1)","decl":{"start":{"line":10,"column":31},"end":{"line":10,"column":32}},"loc":{"start":{"line":10,"column":42},"end":{"line":13,"column":1}},"line":10}},"branchMap":{},"s":{"0":1,"1":1,"2":1,"3":2,"4":1,"5":1},"f":{"0":1,"1":2},"b":{},"_coverageSchema":"1a1c01bbd47fc00a2c39e90264f33305004495a9","hash":"5ac43775d41b19f45f6cede3f6ef27227ef091f6"}
,"/Users/britdannen/cs341/cs341-spring-2024-data-afternoon/data-afternoon/public/javascripts/free_produce.js": {"path":"/Users/britdannen/cs341/cs341-spring-2024-data-afternoon/data-afternoon/public/javascripts/free_produce.js","statementMap":{"0":{"start":{"line":1,"column":0},"end":{"line":21,"column":3}},"1":{"start":{"line":7,"column":22},"end":{"line":7,"column":76}},"2":{"start":{"line":10,"column":4},"end":{"line":13,"column":3}},"3":{"start":{"line":12,"column":4},"end":{"line":12,"column":141}},"4":{"start":{"line":16,"column":4},"end":{"line":16,"column":28}},"5":{"start":{"line":19,"column":4},"end":{"line":19,"column":68}}},"fnMap":{"0":{"name":"(anonymous_0)","decl":{"start":{"line":1,"column":33},"end":{"line":1,"column":34}},"loc":{"start":{"line":1,"column":67},"end":{"line":21,"column":1}},"line":1},"1":{"name":"(anonymous_1)","decl":{"start":{"line":10,"column":31},"end":{"line":10,"column":32}},"loc":{"start":{"line":10,"column":42},"end":{"line":13,"column":1}},"line":10}},"branchMap":{},"s":{"0":1,"1":1,"2":1,"3":2,"4":1,"5":1},"f":{"0":1,"1":2},"b":{},"_coverageSchema":"1a1c01bbd47fc00a2c39e90264f33305004495a9","hash":"8946d692eb33020c033f3994199b060c65e6cb7d"}
,"/Users/britdannen/cs341/cs341-spring-2024-data-afternoon/data-afternoon/public/javascripts/free_wifi.js": {"path":"/Users/britdannen/cs341/cs341-spring-2024-data-afternoon/data-afternoon/public/javascripts/free_wifi.js","statementMap":{"0":{"start":{"line":1,"column":0},"end":{"line":21,"column":3}},"1":{"start":{"line":7,"column":22},"end":{"line":7,"column":73}},"2":{"start":{"line":10,"column":4},"end":{"line":13,"column":3}},"3":{"start":{"line":12,"column":4},"end":{"line":12,"column":141}},"4":{"start":{"line":16,"column":4},"end":{"line":16,"column":28}},"5":{"start":{"line":19,"column":4},"end":{"line":19,"column":65}}},"fnMap":{"0":{"name":"(anonymous_0)","decl":{"start":{"line":1,"column":33},"end":{"line":1,"column":34}},"loc":{"start":{"line":1,"column":67},"end":{"line":21,"column":1}},"line":1},"1":{"name":"(anonymous_1)","decl":{"start":{"line":10,"column":31},"end":{"line":10,"column":32}},"loc":{"start":{"line":10,"column":42},"end":{"line":13,"column":1}},"line":10}},"branchMap":{},"s":{"0":1,"1":1,"2":1,"3":2,"4":1,"5":1},"f":{"0":1,"1":2},"b":{},"_coverageSchema":"1a1c01bbd47fc00a2c39e90264f33305004495a9","hash":"70be4b457f09736a659b6d2f920b78759194ba33"}
,"/Users/britdannen/cs341/cs341-spring-2024-data-afternoon/data-afternoon/public/javascripts/health_care.js": {"path":"/Users/britdannen/cs341/cs341-spring-2024-data-afternoon/data-afternoon/public/javascripts/health_care.js","statementMap":{"0":{"start":{"line":1,"column":0},"end":{"line":21,"column":3}},"1":{"start":{"line":7,"column":22},"end":{"line":7,"column":84}},"2":{"start":{"line":10,"column":4},"end":{"line":13,"column":3}},"3":{"start":{"line":12,"column":4},"end":{"line":12,"column":141}},"4":{"start":{"line":16,"column":4},"end":{"line":16,"column":28}},"5":{"start":{"line":19,"column":4},"end":{"line":19,"column":67}}},"fnMap":{"0":{"name":"(anonymous_0)","decl":{"start":{"line":1,"column":33},"end":{"line":1,"column":34}},"loc":{"start":{"line":1,"column":67},"end":{"line":21,"column":1}},"line":1},"1":{"name":"(anonymous_1)","decl":{"start":{"line":10,"column":31},"end":{"line":10,"column":32}},"loc":{"start":{"line":10,"column":42},"end":{"line":13,"column":1}},"line":10}},"branchMap":{},"s":{"0":1,"1":1,"2":1,"3":2,"4":1,"5":1},"f":{"0":1,"1":2},"b":{},"_coverageSchema":"1a1c01bbd47fc00a2c39e90264f33305004495a9","hash":"21bea1a4fd476b1a8dbf8ba74b3924117ca093a1"}
,"/Users/britdannen/cs341/cs341-spring-2024-data-afternoon/data-afternoon/public/javascripts/rest_villages.js": {"path":"/Users/britdannen/cs341/cs341-spring-2024-data-afternoon/data-afternoon/public/javascripts/rest_villages.js","statementMap":{"0":{"start":{"line":1,"column":0},"end":{"line":21,"column":3}},"1":{"start":{"line":7,"column":22},"end":{"line":7,"column":82}},"2":{"start":{"line":10,"column":4},"end":{"line":13,"column":3}},"3":{"start":{"line":12,"column":4},"end":{"line":12,"column":141}},"4":{"start":{"line":16,"column":4},"end":{"line":16,"column":28}},"5":{"start":{"line":19,"column":4},"end":{"line":19,"column":69}}},"fnMap":{"0":{"name":"(anonymous_0)","decl":{"start":{"line":1,"column":33},"end":{"line":1,"column":34}},"loc":{"start":{"line":1,"column":67},"end":{"line":21,"column":1}},"line":1},"1":{"name":"(anonymous_1)","decl":{"start":{"line":10,"column":31},"end":{"line":10,"column":32}},"loc":{"start":{"line":10,"column":42},"end":{"line":13,"column":1}},"line":10}},"branchMap":{},"s":{"0":1,"1":1,"2":1,"3":2,"4":1,"5":1},"f":{"0":1,"1":2},"b":{},"_coverageSchema":"1a1c01bbd47fc00a2c39e90264f33305004495a9","hash":"61d0c73db4d88da35fad8bcbaa3cfd0cb804f107"}
,"/Users/britdannen/cs341/cs341-spring-2024-data-afternoon/data-afternoon/public/javascripts/safe_year_round.js": {"path":"/Users/britdannen/cs341/cs341-spring-2024-data-afternoon/data-afternoon/public/javascripts/safe_year_round.js","statementMap":{"0":{"start":{"line":1,"column":0},"end":{"line":20,"column":3}},"1":{"start":{"line":7,"column":22},"end":{"line":7,"column":88}},"2":{"start":{"line":10,"column":4},"end":{"line":13,"column":7}},"3":{"start":{"line":12,"column":8},"end":{"line":12,"column":145}},"4":{"start":{"line":16,"column":4},"end":{"line":16,"column":28}},"5":{"start":{"line":19,"column":4},"end":{"line":19,"column":75}}},"fnMap":{"0":{"name":"(anonymous_0)","decl":{"start":{"line":1,"column":33},"end":{"line":1,"column":34}},"loc":{"start":{"line":1,"column":67},"end":{"line":20,"column":1}},"line":1},"1":{"name":"(anonymous_1)","decl":{"start":{"line":10,"column":31},"end":{"line":10,"column":32}},"loc":{"start":{"line":10,"column":42},"end":{"line":13,"column":5}},"line":10}},"branchMap":{},"s":{"0":1,"1":1,"2":1,"3":2,"4":1,"5":1},"f":{"0":1,"1":2},"b":{},"_coverageSchema":"1a1c01bbd47fc00a2c39e90264f33305004495a9","hash":"45681080223fb7ace3d343106960129bb107e1d0"}
,"/Users/britdannen/cs341/cs341-spring-2024-data-afternoon/data-afternoon/public/javascripts/unhoused.js": {"path":"/Users/britdannen/cs341/cs341-spring-2024-data-afternoon/data-afternoon/public/javascripts/unhoused.js","statementMap":{"0":{"start":{"line":5,"column":2},"end":{"line":5,"column":43}},"1":{"start":{"line":10,"column":2},"end":{"line":10,"column":61}},"2":{"start":{"line":11,"column":2},"end":{"line":11,"column":57}},"3":{"start":{"line":18,"column":2},"end":{"line":18,"column":62}},"4":{"start":{"line":19,"column":2},"end":{"line":19,"column":56}},"5":{"start":{"line":23,"column":20},"end":{"line":23,"column":78}},"6":{"start":{"line":25,"column":21},"end":{"line":30,"column":3}},"7":{"start":{"line":32,"column":2},"end":{"line":38,"column":3}},"8":{"start":{"line":33,"column":4},"end":{"line":33,"column":70}},"9":{"start":{"line":37,"column":4},"end":{"line":37,"column":29}},"10":{"start":{"line":42,"column":17},"end":{"line":42,"column":53}},"11":{"start":{"line":43,"column":17},"end":{"line":43,"column":53}},"12":{"start":{"line":45,"column":2},"end":{"line":51,"column":3}},"13":{"start":{"line":46,"column":4},"end":{"line":46,"column":54}},"14":{"start":{"line":46,"column":26},"end":{"line":46,"column":52}},"15":{"start":{"line":47,"column":4},"end":{"line":47,"column":55}},"16":{"start":{"line":47,"column":26},"end":{"line":47,"column":53}},"17":{"start":{"line":49,"column":4},"end":{"line":49,"column":55}},"18":{"start":{"line":49,"column":26},"end":{"line":49,"column":53}},"19":{"start":{"line":50,"column":4},"end":{"line":50,"column":54}},"20":{"start":{"line":50,"column":26},"end":{"line":50,"column":52}},"21":{"start":{"line":53,"column":2},"end":{"line":53,"column":49}},"22":{"start":{"line":55,"column":14},"end":{"line":55,"column":47}},"23":{"start":{"line":56,"column":2},"end":{"line":58,"column":3}},"24":{"start":{"line":57,"column":4},"end":{"line":57,"column":26}},"25":{"start":{"line":62,"column":0},"end":{"line":72,"column":1}},"26":{"start":{"line":63,"column":2},"end":{"line":69,"column":5}},"27":{"start":{"line":64,"column":21},"end":{"line":64,"column":45}},"28":{"start":{"line":65,"column":22},"end":{"line":65,"column":47}},"29":{"start":{"line":68,"column":4},"end":{"line":68,"column":45}},"30":{"start":{"line":71,"column":2},"end":{"line":71,"column":46}},"31":{"start":{"line":75,"column":2},"end":{"line":77,"column":5}},"32":{"start":{"line":76,"column":4},"end":{"line":76,"column":82}},"33":{"start":{"line":81,"column":19},"end":{"line":81,"column":45}},"34":{"start":{"line":82,"column":17},"end":{"line":82,"column":64}},"35":{"start":{"line":83,"column":2},"end":{"line":99,"column":5}},"36":{"start":{"line":84,"column":4},"end":{"line":98,"column":5}},"37":{"start":{"line":85,"column":6},"end":{"line":95,"column":7}},"38":{"start":{"line":86,"column":34},"end":{"line":86,"column":63}},"39":{"start":{"line":87,"column":33},"end":{"line":87,"column":106}},"40":{"start":{"line":87,"column":69},"end":{"line":87,"column":105}},"41":{"start":{"line":88,"column":8},"end":{"line":92,"column":9}},"42":{"start":{"line":89,"column":10},"end":{"line":89,"column":47}},"43":{"start":{"line":91,"column":10},"end":{"line":91,"column":43}},"44":{"start":{"line":94,"column":8},"end":{"line":94,"column":40}},"45":{"start":{"line":97,"column":6},"end":{"line":97,"column":55}},"46":{"start":{"line":103,"column":0},"end":{"line":103,"column":130}}},"fnMap":{"0":{"name":"mydataFunction","decl":{"start":{"line":4,"column":9},"end":{"line":4,"column":23}},"loc":{"start":{"line":4,"column":26},"end":{"line":6,"column":1}},"line":4},"1":{"name":"addInfoMap","decl":{"start":{"line":8,"column":9},"end":{"line":8,"column":19}},"loc":{"start":{"line":8,"column":22},"end":{"line":12,"column":1}},"line":8},"2":{"name":"changeAddInfoBack","decl":{"start":{"line":15,"column":9},"end":{"line":15,"column":26}},"loc":{"start":{"line":15,"column":29},"end":{"line":20,"column":1}},"line":15},"3":{"name":"handleSearch","decl":{"start":{"line":22,"column":9},"end":{"line":22,"column":21}},"loc":{"start":{"line":22,"column":24},"end":{"line":39,"column":1}},"line":22},"4":{"name":"toggleLanguage","decl":{"start":{"line":41,"column":9},"end":{"line":41,"column":23}},"loc":{"start":{"line":41,"column":30},"end":{"line":60,"column":1}},"line":41},"5":{"name":"(anonymous_5)","decl":{"start":{"line":46,"column":19},"end":{"line":46,"column":20}},"loc":{"start":{"line":46,"column":26},"end":{"line":46,"column":52}},"line":46},"6":{"name":"(anonymous_6)","decl":{"start":{"line":47,"column":19},"end":{"line":47,"column":20}},"loc":{"start":{"line":47,"column":26},"end":{"line":47,"column":53}},"line":47},"7":{"name":"(anonymous_7)","decl":{"start":{"line":49,"column":19},"end":{"line":49,"column":20}},"loc":{"start":{"line":49,"column":26},"end":{"line":49,"column":53}},"line":49},"8":{"name":"(anonymous_8)","decl":{"start":{"line":50,"column":19},"end":{"line":50,"column":20}},"loc":{"start":{"line":50,"column":26},"end":{"line":50,"column":52}},"line":50},"9":{"name":"(anonymous_9)","decl":{"start":{"line":63,"column":43},"end":{"line":63,"column":44}},"loc":{"start":{"line":63,"column":62},"end":{"line":69,"column":3}},"line":63},"10":{"name":"updateUserInterface","decl":{"start":{"line":74,"column":9},"end":{"line":74,"column":28}},"loc":{"start":{"line":74,"column":40},"end":{"line":78,"column":1}},"line":74},"11":{"name":"(anonymous_11)","decl":{"start":{"line":75,"column":24},"end":{"line":75,"column":25}},"loc":{"start":{"line":75,"column":42},"end":{"line":77,"column":3}},"line":75},"12":{"name":"getZipCode","decl":{"start":{"line":80,"column":9},"end":{"line":80,"column":19}},"loc":{"start":{"line":80,"column":41},"end":{"line":100,"column":1}},"line":80},"13":{"name":"(anonymous_13)","decl":{"start":{"line":83,"column":41},"end":{"line":83,"column":42}},"loc":{"start":{"line":83,"column":67},"end":{"line":99,"column":3}},"line":83},"14":{"name":"(anonymous_14)","decl":{"start":{"line":87,"column":56},"end":{"line":87,"column":57}},"loc":{"start":{"line":87,"column":69},"end":{"line":87,"column":105}},"line":87}},"branchMap":{"0":{"loc":{"start":{"line":32,"column":2},"end":{"line":38,"column":3}},"type":"if","locations":[{"start":{"line":32,"column":2},"end":{"line":38,"column":3}},{"start":{"line":36,"column":6},"end":{"line":38,"column":3}}],"line":32},"1":{"loc":{"start":{"line":45,"column":2},"end":{"line":51,"column":3}},"type":"if","locations":[{"start":{"line":45,"column":2},"end":{"line":51,"column":3}},{"start":{"line":48,"column":9},"end":{"line":51,"column":3}}],"line":45},"2":{"loc":{"start":{"line":56,"column":2},"end":{"line":58,"column":3}},"type":"if","locations":[{"start":{"line":56,"column":2},"end":{"line":58,"column":3}},{"start":{},"end":{}}],"line":56},"3":{"loc":{"start":{"line":56,"column":6},"end":{"line":56,"column":47}},"type":"binary-expr","locations":[{"start":{"line":56,"column":6},"end":{"line":56,"column":11}},{"start":{"line":56,"column":15},"end":{"line":56,"column":47}}],"line":56},"4":{"loc":{"start":{"line":62,"column":0},"end":{"line":72,"column":1}},"type":"if","locations":[{"start":{"line":62,"column":0},"end":{"line":72,"column":1}},{"start":{"line":70,"column":7},"end":{"line":72,"column":1}}],"line":62},"5":{"loc":{"start":{"line":84,"column":4},"end":{"line":98,"column":5}},"type":"if","locations":[{"start":{"line":84,"column":4},"end":{"line":98,"column":5}},{"start":{"line":96,"column":11},"end":{"line":98,"column":5}}],"line":84},"6":{"loc":{"start":{"line":85,"column":6},"end":{"line":95,"column":7}},"type":"if","locations":[{"start":{"line":85,"column":6},"end":{"line":95,"column":7}},{"start":{"line":93,"column":13},"end":{"line":95,"column":7}}],"line":85},"7":{"loc":{"start":{"line":88,"column":8},"end":{"line":92,"column":9}},"type":"if","locations":[{"start":{"line":88,"column":8},"end":{"line":92,"column":9}},{"start":{"line":90,"column":15},"end":{"line":92,"column":9}}],"line":88}},"s":{"0":1,"1":1,"2":1,"3":1,"4":1,"5":2,"6":2,"7":2,"8":1,"9":1,"10":2,"11":2,"12":2,"13":1,"14":1,"15":1,"16":1,"17":1,"18":1,"19":1,"20":1,"21":2,"22":2,"23":2,"24":0,"25":1,"26":0,"27":0,"28":0,"29":0,"30":1,"31":0,"32":0,"33":0,"34":0,"35":0,"36":0,"37":0,"38":0,"39":0,"40":0,"41":0,"42":0,"43":0,"44":0,"45":0,"46":1},"f":{"0":1,"1":1,"2":1,"3":2,"4":2,"5":1,"6":1,"7":1,"8":1,"9":0,"10":0,"11":0,"12":0,"13":0,"14":0},"b":{"0":[1,1],"1":[1,1],"2":[0,2],"3":[2,0],"4":[0,1],"5":[0,0],"6":[0,0],"7":[0,0]},"_coverageSchema":"1a1c01bbd47fc00a2c39e90264f33305004495a9","hash":"29f35188a3ea9688c65e71594166d5e498c13c3e"}
}
