TN:
SF:public/javascripts/dataBase.js
FN:13,findAddress
FN:17,(anonymous_1)
FN:46,geocodeAddress
FN:49,(anonymous_3)
FN:85,(anonymous_4)
FN:89,(anonymous_5)
FN:105,(anonymous_6)
FN:132,(anonymous_7)
FNF:8
FNH:4
FNDA:0,findAddress
FNDA:0,(anonymous_1)
FNDA:2,geocodeAddress
FNDA:2,(anonymous_3)
FNDA:0,(anonymous_4)
FNDA:0,(anonymous_5)
FNDA:1,(anonymous_6)
FNDA:4,(anonymous_7)
DA:4,1
DA:5,1
DA:6,1
DA:7,1
DA:8,1
DA:14,0
DA:15,0
DA:17,0
DA:18,0
DA:19,0
DA:24,0
DA:25,0
DA:26,0
DA:34,0
DA:37,0
DA:41,0
DA:42,0
DA:49,2
DA:50,2
DA:56,2
DA:62,2
DA:63,2
DA:64,0
DA:65,0
DA:66,0
DA:67,0
DA:69,0
DA:73,2
DA:85,2
DA:86,0
DA:89,2
DA:90,0
DA:91,0
DA:96,0
DA:105,1
DA:107,1
DA:110,1
DA:115,1
DA:118,1
DA:129,1
DA:132,1
DA:134,4
DA:135,4
DA:136,4
DA:137,4
DA:138,4
DA:140,4
DA:141,4
DA:143,4
DA:146,1
DA:149,1
DA:152,2
DA:153,2
DA:155,2
LF:54
LH:33
BRDA:18,0,0,0
BRDA:18,0,1,0
BRDA:24,1,0,0
BRDA:24,1,1,0
BRDA:41,2,0,0
BRDA:41,2,1,0
BRDA:50,3,0,2
BRDA:50,3,1,0
BRDA:62,4,0,2
BRDA:62,4,1,0
BRDA:62,5,0,2
BRDA:62,5,1,0
BRDA:64,6,0,0
BRDA:64,6,1,0
BRDA:66,7,0,0
BRDA:66,7,1,0
BRF:16
BRH:3
end_of_record
TN:
SF:public/javascripts/unhoused.js
FN:4,mydataFunction
FN:8,addInfoMap
FN:15,changeAddInfoBack
FN:22,handleSearch
FN:41,toggleLanguage
FN:46,(anonymous_5)
FN:47,(anonymous_6)
FN:49,(anonymous_7)
FN:50,(anonymous_8)
FN:63,(anonymous_9)
FN:74,updateUserInterface
FN:75,(anonymous_11)
FN:80,getZipCode
FN:83,(anonymous_13)
FN:87,(anonymous_14)
FNF:15
FNH:7
FNDA:1,mydataFunction
FNDA:1,addInfoMap
FNDA:1,changeAddInfoBack
FNDA:2,handleSearch
FNDA:1,toggleLanguage
FNDA:1,(anonymous_5)
FNDA:1,(anonymous_6)
FNDA:0,(anonymous_7)
FNDA:0,(anonymous_8)
FNDA:0,(anonymous_9)
FNDA:0,updateUserInterface
FNDA:0,(anonymous_11)
FNDA:0,getZipCode
FNDA:0,(anonymous_13)
FNDA:0,(anonymous_14)
DA:5,1
DA:10,1
DA:11,1
DA:18,1
DA:19,1
DA:23,2
DA:25,2
DA:32,2
DA:33,1
DA:37,1
DA:42,1
DA:43,1
DA:45,1
DA:46,1
DA:47,1
DA:49,0
DA:50,0
DA:53,1
DA:55,1
DA:56,1
DA:57,0
DA:62,1
DA:63,0
DA:64,0
DA:65,0
DA:68,0
DA:71,1
DA:75,0
DA:76,0
DA:81,0
DA:82,0
DA:83,0
DA:84,0
DA:85,0
DA:86,0
DA:87,0
DA:88,0
DA:89,0
DA:91,0
DA:94,0
DA:97,0
DA:103,1
LF:42
LH:21
BRDA:32,0,0,1
BRDA:32,0,1,1
BRDA:45,1,0,1
BRDA:45,1,1,0
BRDA:56,2,0,0
BRDA:56,2,1,1
BRDA:56,3,0,1
BRDA:56,3,1,0
BRDA:62,4,0,0
BRDA:62,4,1,1
BRDA:84,5,0,0
BRDA:84,5,1,0
BRDA:85,6,0,0
BRDA:85,6,1,0
BRDA:88,7,0,0
BRDA:88,7,1,0
BRF:16
BRH:6
end_of_record
