TN:
SF:public/javascripts/dataBase.js
FN:11,initAutocomplete
FN:13,(anonymous_1)
FN:38,(anonymous_2)
FN:77,(anonymous_3)
FN:85,(anonymous_4)
FN:93,(anonymous_5)
FN:130,findAddress
FN:134,(anonymous_7)
FN:164,geocodeAddress
FN:167,(anonymous_9)
FN:203,(anonymous_10)
FN:207,(anonymous_11)
FNF:12
FNH:7
FNDA:6,initAutocomplete
FNDA:6,(anonymous_1)
FNDA:24,(anonymous_2)
FNDA:2,(anonymous_3)
FNDA:0,(anonymous_4)
FNDA:2,(anonymous_5)
FNDA:0,findAddress
FNDA:0,(anonymous_7)
FNDA:4,geocodeAddress
FNDA:4,(anonymous_9)
FNDA:0,(anonymous_10)
FNDA:0,(anonymous_11)
DA:4,1
DA:5,1
DA:6,1
DA:7,1
DA:8,1
DA:9,1
DA:13,6
DA:15,6
DA:18,6
DA:23,6
DA:26,6
DA:35,6
DA:38,6
DA:40,24
DA:41,24
DA:42,24
DA:43,24
DA:44,24
DA:46,24
DA:47,24
DA:49,24
DA:52,6
DA:54,5
DA:56,4
DA:59,4
DA:60,4
DA:62,4
DA:70,6
DA:71,6
DA:73,6
DA:77,6
DA:78,2
DA:80,2
DA:81,0
DA:85,2
DA:86,0
DA:88,2
DA:91,2
DA:93,2
DA:94,2
DA:95,0
DA:96,0
DA:99,2
DA:108,2
DA:116,2
DA:118,0
DA:120,2
DA:123,2
DA:127,1
DA:131,0
DA:132,0
DA:134,0
DA:135,0
DA:152,0
DA:155,0
DA:159,0
DA:160,0
DA:167,4
DA:168,4
DA:174,4
DA:180,4
DA:181,4
DA:182,0
DA:183,0
DA:184,0
DA:185,0
DA:187,0
DA:191,4
DA:203,4
DA:204,0
DA:207,4
DA:208,0
DA:209,0
DA:214,0
DA:220,1
LF:75
LH:53
BRDA:54,0,0,4
BRDA:54,0,1,1
BRDA:80,1,0,0
BRDA:80,1,1,2
BRDA:94,2,0,0
BRDA:94,2,1,2
BRDA:94,3,0,2
BRDA:94,3,1,2
BRDA:116,4,0,0
BRDA:116,4,1,2
BRDA:135,5,0,0
BRDA:135,5,1,0
BRDA:159,6,0,0
BRDA:159,6,1,0
BRDA:168,7,0,4
BRDA:168,7,1,0
BRDA:180,8,0,4
BRDA:180,8,1,0
BRDA:180,9,0,4
BRDA:180,9,1,0
BRDA:182,10,0,0
BRDA:182,10,1,0
BRDA:184,11,0,0
BRDA:184,11,1,0
BRF:24
BRH:10
end_of_record
TN:
SF:public/javascripts/free_groceries.js
FN:1,(anonymous_0)
FN:10,(anonymous_1)
FNF:2
FNH:2
FNDA:1,(anonymous_0)
FNDA:2,(anonymous_1)
DA:1,1
DA:7,1
DA:10,1
DA:12,2
DA:16,1
DA:19,1
LF:6
LH:6
BRF:0
BRH:0
end_of_record
TN:
SF:public/javascripts/free_meals.js
FN:1,(anonymous_0)
FN:10,(anonymous_1)
FNF:2
FNH:2
FNDA:1,(anonymous_0)
FNDA:2,(anonymous_1)
DA:1,1
DA:7,1
DA:10,1
DA:12,2
DA:16,1
DA:19,1
LF:6
LH:6
BRF:0
BRH:0
end_of_record
TN:
SF:public/javascripts/free_produce.js
FN:1,(anonymous_0)
FN:10,(anonymous_1)
FNF:2
FNH:2
FNDA:1,(anonymous_0)
FNDA:2,(anonymous_1)
DA:1,1
DA:7,1
DA:10,1
DA:12,2
DA:16,1
DA:19,1
LF:6
LH:6
BRF:0
BRH:0
end_of_record
TN:
SF:public/javascripts/free_wifi.js
FN:1,(anonymous_0)
FN:10,(anonymous_1)
FNF:2
FNH:2
FNDA:1,(anonymous_0)
FNDA:2,(anonymous_1)
DA:1,1
DA:7,1
DA:10,1
DA:12,2
DA:16,1
DA:19,1
LF:6
LH:6
BRF:0
BRH:0
end_of_record
TN:
SF:public/javascripts/health_care.js
FN:1,(anonymous_0)
FN:10,(anonymous_1)
FNF:2
FNH:2
FNDA:1,(anonymous_0)
FNDA:2,(anonymous_1)
DA:1,1
DA:7,1
DA:10,1
DA:12,2
DA:16,1
DA:19,1
LF:6
LH:6
BRF:0
BRH:0
end_of_record
TN:
SF:public/javascripts/rest_villages.js
FN:1,(anonymous_0)
FN:10,(anonymous_1)
FNF:2
FNH:2
FNDA:1,(anonymous_0)
FNDA:2,(anonymous_1)
DA:1,1
DA:7,1
DA:10,1
DA:12,2
DA:16,1
DA:19,1
LF:6
LH:6
BRF:0
BRH:0
end_of_record
TN:
SF:public/javascripts/safe_year_round.js
FN:1,(anonymous_0)
FN:10,(anonymous_1)
FNF:2
FNH:2
FNDA:1,(anonymous_0)
FNDA:2,(anonymous_1)
DA:1,1
DA:7,1
DA:10,1
DA:12,2
DA:16,1
DA:19,1
LF:6
LH:6
BRF:0
BRH:0
end_of_record
TN:
SF:public/javascripts/unhoused.js
FN:4,mydataFunction
FN:8,addInfoMap
FN:15,changeAddInfoBack
FN:22,handleSearch
FN:41,toggleLanguage
FN:46,(anonymous_5)
FN:47,(anonymous_6)
FN:49,(anonymous_7)
FN:50,(anonymous_8)
FN:63,(anonymous_9)
FN:74,updateUserInterface
FN:75,(anonymous_11)
FN:80,getZipCode
FN:83,(anonymous_13)
FN:87,(anonymous_14)
FNF:15
FNH:9
FNDA:1,mydataFunction
FNDA:1,addInfoMap
FNDA:1,changeAddInfoBack
FNDA:2,handleSearch
FNDA:2,toggleLanguage
FNDA:1,(anonymous_5)
FNDA:1,(anonymous_6)
FNDA:1,(anonymous_7)
FNDA:1,(anonymous_8)
FNDA:0,(anonymous_9)
FNDA:0,updateUserInterface
FNDA:0,(anonymous_11)
FNDA:0,getZipCode
FNDA:0,(anonymous_13)
FNDA:0,(anonymous_14)
DA:5,1
DA:10,1
DA:11,1
DA:18,1
DA:19,1
DA:23,2
DA:25,2
DA:32,2
DA:33,1
DA:37,1
DA:42,2
DA:43,2
DA:45,2
DA:46,1
DA:47,1
DA:49,1
DA:50,1
DA:53,2
DA:55,2
DA:56,2
DA:57,0
DA:62,1
DA:63,0
DA:64,0
DA:65,0
DA:68,0
DA:71,1
DA:75,0
DA:76,0
DA:81,0
DA:82,0
DA:83,0
DA:84,0
DA:85,0
DA:86,0
DA:87,0
DA:88,0
DA:89,0
DA:91,0
DA:94,0
DA:97,0
DA:103,1
LF:42
LH:23
BRDA:32,0,0,1
BRDA:32,0,1,1
BRDA:45,1,0,1
BRDA:45,1,1,1
BRDA:56,2,0,0
BRDA:56,2,1,2
BRDA:56,3,0,2
BRDA:56,3,1,0
BRDA:62,4,0,0
BRDA:62,4,1,1
BRDA:84,5,0,0
BRDA:84,5,1,0
BRDA:85,6,0,0
BRDA:85,6,1,0
BRDA:88,7,0,0
BRDA:88,7,1,0
BRF:16
BRH:7
end_of_record
